<?xml version="1.0" encoding="UTF-8"?>
<!-- Generated by org.testng.reporters.JUnitReportReporter -->
<testsuite hostname="DESKTOP-HGSB65Q" failures="0" tests="1" name="wrappers.MainTest" time="25.876" errors="0" timestamp="2025-01-06T23:18:32 EST" skipped="0">
  <testcase classname="wrappers.MainTest" name="Test" time="25.876"/>
</testsuite> <!-- wrappers.MainTest -->
