<?xml version="1.0" encoding="UTF-8"?>
<!-- Generated by org.testng.reporters.JUnitReportReporter -->
<testsuite hostname="DESKTOP-HGSB65Q" failures="0" tests="3" name="fbtestcase.fbregtestcase" time="29.482" errors="0" timestamp="2025-01-06T23:23:20 EST" skipped="0">
  <testcase classname="fbtestcase.fbregtestcase" name="fbregistration" time="9.396"/>
  <testcase classname="fbtestcase.fbregtestcase" name="fbregistration" time="10.773"/>
  <testcase classname="fbtestcase.fbregtestcase" name="fbregistration" time="9.313"/>
</testsuite> <!-- fbtestcase.fbregtestcase -->
